<?xml version="1.0" encoding="UTF-8" ?>
<testsuite tests="10" failures="0" name="softwareTesting.Time_Maven.TimeTest" time="0.033" errors="0" skipped="0">
  <properties>
    <property name="java.runtime.name" value="Java(TM) SE Runtime Environment"/>
    <property name="sun.boot.library.path" value="E:\Program Files\Java\jdk1.8.0_131\jre\bin"/>
    <property name="java.vm.version" value="25.131-b11"/>
    <property name="java.vm.vendor" value="Oracle Corporation"/>
    <property name="maven.multiModuleProjectDirectory" value="D:\Code\eclipse-workspace\Time_Maven"/>
    <property name="java.vendor.url" value="http://java.oracle.com/"/>
    <property name="path.separator" value=";"/>
    <property name="guice.disable.misplaced.annotation.check" value="true"/>
    <property name="java.vm.name" value="Java HotSpot(TM) 64-Bit Server VM"/>
    <property name="file.encoding.pkg" value="sun.io"/>
    <property name="user.script" value=""/>
    <property name="user.country" value="CN"/>
    <property name="sun.java.launcher" value="SUN_STANDARD"/>
    <property name="sun.os.patch.level" value=""/>
    <property name="java.vm.specification.name" value="Java Virtual Machine Specification"/>
    <property name="user.dir" value="D:\Code\eclipse-workspace\Time_Maven"/>
    <property name="java.runtime.version" value="1.8.0_131-b11"/>
    <property name="java.awt.graphicsenv" value="sun.awt.Win32GraphicsEnvironment"/>
    <property name="java.endorsed.dirs" value="E:\Program Files\Java\jdk1.8.0_131\jre\lib\endorsed"/>
    <property name="os.arch" value="amd64"/>
    <property name="java.io.tmpdir" value="E:\Users\Lowell\AppData\Local\Temp\"/>
    <property name="line.separator" value="
"/>
    <property name="java.vm.specification.vendor" value="Oracle Corporation"/>
    <property name="user.variant" value=""/>
    <property name="os.name" value="Windows 10"/>
    <property name="classworlds.conf" value="D:\Code\eclipse-workspace\.metadata\.plugins\org.eclipse.m2e.launching\launches\m2conf1655713707162030520.tmp"/>
    <property name="sun.jnu.encoding" value="GBK"/>
    <property name="java.library.path" value="E:\Program Files\Java\jdk1.8.0_131\bin;E:\Windows\Sun\Java\bin;E:\Windows\system32;E:\Windows;E:/Program Files/Java/jre1.8.0_211/bin/server;E:/Program Files/Java/jre1.8.0_211/bin;E:/Program Files/Java/jre1.8.0_211/lib/amd64;C:\python38\Scripts\;C:\python38\;C:\Xftp\;C:\Xshell\;E:\Program Files (x86)\Common Files\Oracle\Java\javapath;E:\ProgramData\Oracle\Java\javapath;E:\Windows\system32;E:\Windows;E:\Windows\System32\Wbem;E:\Windows\System32\WindowsPowerShell\v1.0\;E:\Windows\System32\OpenSSH\;C:\cmder;C:\mingw64\bin;E:\Program Files\Java\jdk1.8.0_131\bin;E:\Program Files\Common Files\Autodesk Shared\;E:\Program Files (x86)\Autodesk\Backburner\;&quot;C:\Android\Android_SDK\platform-tools;C:\Android\Android_SDK\tools&quot;;E:\Program Files (x86)\Windows Kits\8.1\Windows Performance Toolkit\;C:\NASM\nasm-2.14.03rc2;C:\Apache\apache-maven-3.6.2\bin;E:\Program Files (x86)\PICT\;C:\Apache\apache-ant-1.9.14\bin;C:\mingw64\bin;C:\flutter_SDK\flutter\bin;C:\Android\Android_SDK\platform-tools;C:\Android\Android_SDK\tools;C:\Git\bin;E:\Users\Lowell\AppData\Local\Microsoft\WindowsApps;;C:\VS Code\bin;C:\Pycharm\bin;;C:\eclipse\eclipse;;."/>
    <property name="java.specification.name" value="Java Platform API Specification"/>
    <property name="java.class.version" value="52.0"/>
    <property name="sun.management.compiler" value="HotSpot 64-Bit Tiered Compilers"/>
    <property name="os.version" value="10.0"/>
    <property name="user.home" value="E:\Users\Lowell"/>
    <property name="user.timezone" value="Asia/Shanghai"/>
    <property name="java.awt.printerjob" value="sun.awt.windows.WPrinterJob"/>
    <property name="java.specification.version" value="1.8"/>
    <property name="file.encoding" value="GBK"/>
    <property name="user.name" value="Lowell"/>
    <property name="java.class.path" value="C:\eclipse\eclipse\plugins\org.eclipse.m2e.maven.runtime_1.13.0.20190716-1623\jars\plexus-classworlds-2.6.0.jar"/>
    <property name="java.vm.specification.version" value="1.8"/>
    <property name="sun.arch.data.model" value="64"/>
    <property name="java.home" value="E:\Program Files\Java\jdk1.8.0_131\jre"/>
    <property name="sun.java.command" value="org.codehaus.plexus.classworlds.launcher.Launcher -B test"/>
    <property name="java.specification.vendor" value="Oracle Corporation"/>
    <property name="user.language" value="zh"/>
    <property name="awt.toolkit" value="sun.awt.windows.WToolkit"/>
    <property name="java.vm.info" value="mixed mode"/>
    <property name="java.version" value="1.8.0_131"/>
    <property name="java.ext.dirs" value="E:\Program Files\Java\jdk1.8.0_131\jre\lib\ext;E:\Windows\Sun\Java\lib\ext"/>
    <property name="sun.boot.class.path" value="E:\Program Files\Java\jdk1.8.0_131\jre\lib\resources.jar;E:\Program Files\Java\jdk1.8.0_131\jre\lib\rt.jar;E:\Program Files\Java\jdk1.8.0_131\jre\lib\sunrsasign.jar;E:\Program Files\Java\jdk1.8.0_131\jre\lib\jsse.jar;E:\Program Files\Java\jdk1.8.0_131\jre\lib\jce.jar;E:\Program Files\Java\jdk1.8.0_131\jre\lib\charsets.jar;E:\Program Files\Java\jdk1.8.0_131\jre\lib\jfr.jar;E:\Program Files\Java\jdk1.8.0_131\jre\classes"/>
    <property name="java.vendor" value="Oracle Corporation"/>
    <property name="maven.home" value="D:\Code\eclipse-workspace\Time_Maven\EMBEDDED"/>
    <property name="file.separator" value="\"/>
    <property name="java.vendor.url.bug" value="http://bugreport.sun.com/bugreport/"/>
    <property name="sun.cpu.endian" value="little"/>
    <property name="sun.io.unicode.encoding" value="UnicodeLittle"/>
    <property name="sun.desktop" value="windows"/>
    <property name="sun.cpu.isalist" value="amd64"/>
  </properties>
  <testcase classname="softwareTesting.Time_Maven.TimeTest" name="test10" time="0.011"/>
  <testcase classname="softwareTesting.Time_Maven.TimeTest" name="test1" time="0"/>
  <testcase classname="softwareTesting.Time_Maven.TimeTest" name="test2" time="0"/>
  <testcase classname="softwareTesting.Time_Maven.TimeTest" name="test3" time="0.013"/>
  <testcase classname="softwareTesting.Time_Maven.TimeTest" name="test4" time="0.005"/>
  <testcase classname="softwareTesting.Time_Maven.TimeTest" name="test5" time="0.001"/>
  <testcase classname="softwareTesting.Time_Maven.TimeTest" name="test6" time="0.002"/>
  <testcase classname="softwareTesting.Time_Maven.TimeTest" name="test7" time="0"/>
  <testcase classname="softwareTesting.Time_Maven.TimeTest" name="test8" time="0"/>
  <testcase classname="softwareTesting.Time_Maven.TimeTest" name="test9" time="0.001"/>
</testsuite>